This is pdfTeX, Version 3.14159265-2.6-1.40.21 (MiKTeX 2.9.7440 64-bit) (preloaded format=pdflatex 2020.6.23)  21 AUG 2021 15:46
entering extended mode
**"./Rapport de stage.tex"
("Rapport de stage.tex"
LaTeX2e <2020-02-02> patch level 5
L3 programming layer <2020-06-18>
("C:\Program Files\MiKTeX 2.9\tex/latex/base\article.cls"
Document Class: article 2019/12/20 v1.4l Standard LaTeX document class
("C:\Program Files\MiKTeX 2.9\tex/latex/base\size12.clo"
File: size12.clo 2019/12/20 v1.4l Standard LaTeX file (size option)
)
\c@part=\count167
\c@section=\count168
\c@subsection=\count169
\c@subsubsection=\count170
\c@paragraph=\count171
\c@subparagraph=\count172
\c@figure=\count173
\c@table=\count174
\abovecaptionskip=\skip47
\belowcaptionskip=\skip48
\bibindent=\dimen134
)
("C:\Program Files\MiKTeX 2.9\tex/latex/base\inputenc.sty"
Package: inputenc 2018/08/11 v1.3c Input encoding file
\inpenc@prehook=\toks15
\inpenc@posthook=\toks16

("C:\Program Files\MiKTeX 2.9\tex/latex/base\UTF8.def"
File: utf8.def 2019/11/14 v1.2k UTF-8 support for inputenc
Now handling font encoding OML ...
... no UTF-8 mapping file for font encoding OML
Now handling font encoding OMS ...
... processing UTF-8 mapping file for font encoding OMS

("C:\Program Files\MiKTeX 2.9\tex/latex/base\omsenc.dfu"
File: omsenc.dfu 2019/11/14 v1.2k UTF-8 support for inputenc
   defining Unicode char U+00A7 (decimal 167)
   defining Unicode char U+00B6 (decimal 182)
   defining Unicode char U+00B7 (decimal 183)
   defining Unicode char U+2020 (decimal 8224)
   defining Unicode char U+2021 (decimal 8225)
   defining Unicode char U+2022 (decimal 8226)
)
Now handling font encoding OT1 ...
... processing UTF-8 mapping file for font encoding OT1

("C:\Program Files\MiKTeX 2.9\tex/latex/base\ot1enc.dfu"
File: ot1enc.dfu 2019/11/14 v1.2k UTF-8 support for inputenc
   defining Unicode char U+00A0 (decimal 160)
   defining Unicode char U+00A1 (decimal 161)
   defining Unicode char U+00A3 (decimal 163)
   defining Unicode char U+00AD (decimal 173)
   defining Unicode char U+00B8 (decimal 184)
   defining Unicode char U+00BF (decimal 191)
   defining Unicode char U+00C5 (decimal 197)
   defining Unicode char U+00C6 (decimal 198)
   defining Unicode char U+00D8 (decimal 216)
   defining Unicode char U+00DF (decimal 223)
   defining Unicode char U+00E6 (decimal 230)
   defining Unicode char U+00EC (decimal 236)
   defining Unicode char U+00ED (decimal 237)
   defining Unicode char U+00EE (decimal 238)
   defining Unicode char U+00EF (decimal 239)
   defining Unicode char U+00F8 (decimal 248)
   defining Unicode char U+0131 (decimal 305)
   defining Unicode char U+0141 (decimal 321)
   defining Unicode char U+0142 (decimal 322)
   defining Unicode char U+0152 (decimal 338)
   defining Unicode char U+0153 (decimal 339)
   defining Unicode char U+0174 (decimal 372)
   defining Unicode char U+0175 (decimal 373)
   defining Unicode char U+0176 (decimal 374)
   defining Unicode char U+0177 (decimal 375)
   defining Unicode char U+0218 (decimal 536)
   defining Unicode char U+0219 (decimal 537)
   defining Unicode char U+021A (decimal 538)
   defining Unicode char U+021B (decimal 539)
   defining Unicode char U+0237 (decimal 567)
   defining Unicode char U+2013 (decimal 8211)
   defining Unicode char U+2014 (decimal 8212)
   defining Unicode char U+2018 (decimal 8216)
   defining Unicode char U+2019 (decimal 8217)
   defining Unicode char U+201C (decimal 8220)
   defining Unicode char U+201D (decimal 8221)
   defining Unicode char U+FB00 (decimal 64256)
   defining Unicode char U+FB01 (decimal 64257)
   defining Unicode char U+FB02 (decimal 64258)
   defining Unicode char U+FB03 (decimal 64259)
   defining Unicode char U+FB04 (decimal 64260)
   defining Unicode char U+FB05 (decimal 64261)
   defining Unicode char U+FB06 (decimal 64262)
)
Now handling font encoding T1 ...
... processing UTF-8 mapping file for font encoding T1

("C:\Program Files\MiKTeX 2.9\tex/latex/base\t1enc.dfu"
File: t1enc.dfu 2019/11/14 v1.2k UTF-8 support for inputenc
   defining Unicode char U+00A0 (decimal 160)
   defining Unicode char U+00A1 (decimal 161)
   defining Unicode char U+00A3 (decimal 163)
   defining Unicode char U+00AB (decimal 171)
   defining Unicode char U+00AD (decimal 173)
   defining Unicode char U+00BB (decimal 187)
   defining Unicode char U+00BF (decimal 191)
   defining Unicode char U+00C0 (decimal 192)
   defining Unicode char U+00C1 (decimal 193)
   defining Unicode char U+00C2 (decimal 194)
   defining Unicode char U+00C3 (decimal 195)
   defining Unicode char U+00C4 (decimal 196)
   defining Unicode char U+00C5 (decimal 197)
   defining Unicode char U+00C6 (decimal 198)
   defining Unicode char U+00C7 (decimal 199)
   defining Unicode char U+00C8 (decimal 200)
   defining Unicode char U+00C9 (decimal 201)
   defining Unicode char U+00CA (decimal 202)
   defining Unicode char U+00CB (decimal 203)
   defining Unicode char U+00CC (decimal 204)
   defining Unicode char U+00CD (decimal 205)
   defining Unicode char U+00CE (decimal 206)
   defining Unicode char U+00CF (decimal 207)
   defining Unicode char U+00D0 (decimal 208)
   defining Unicode char U+00D1 (decimal 209)
   defining Unicode char U+00D2 (decimal 210)
   defining Unicode char U+00D3 (decimal 211)
   defining Unicode char U+00D4 (decimal 212)
   defining Unicode char U+00D5 (decimal 213)
   defining Unicode char U+00D6 (decimal 214)
   defining Unicode char U+00D8 (decimal 216)
   defining Unicode char U+00D9 (decimal 217)
   defining Unicode char U+00DA (decimal 218)
   defining Unicode char U+00DB (decimal 219)
   defining Unicode char U+00DC (decimal 220)
   defining Unicode char U+00DD (decimal 221)
   defining Unicode char U+00DE (decimal 222)
   defining Unicode char U+00DF (decimal 223)
   defining Unicode char U+00E0 (decimal 224)
   defining Unicode char U+00E1 (decimal 225)
   defining Unicode char U+00E2 (decimal 226)
   defining Unicode char U+00E3 (decimal 227)
   defining Unicode char U+00E4 (decimal 228)
   defining Unicode char U+00E5 (decimal 229)
   defining Unicode char U+00E6 (decimal 230)
   defining Unicode char U+00E7 (decimal 231)
   defining Unicode char U+00E8 (decimal 232)
   defining Unicode char U+00E9 (decimal 233)
   defining Unicode char U+00EA (decimal 234)
   defining Unicode char U+00EB (decimal 235)
   defining Unicode char U+00EC (decimal 236)
   defining Unicode char U+00ED (decimal 237)
   defining Unicode char U+00EE (decimal 238)
   defining Unicode char U+00EF (decimal 239)
   defining Unicode char U+00F0 (decimal 240)
   defining Unicode char U+00F1 (decimal 241)
   defining Unicode char U+00F2 (decimal 242)
   defining Unicode char U+00F3 (decimal 243)
   defining Unicode char U+00F4 (decimal 244)
   defining Unicode char U+00F5 (decimal 245)
   defining Unicode char U+00F6 (decimal 246)
   defining Unicode char U+00F8 (decimal 248)
   defining Unicode char U+00F9 (decimal 249)
   defining Unicode char U+00FA (decimal 250)
   defining Unicode char U+00FB (decimal 251)
   defining Unicode char U+00FC (decimal 252)
   defining Unicode char U+00FD (decimal 253)
   defining Unicode char U+00FE (decimal 254)
   defining Unicode char U+00FF (decimal 255)
   defining Unicode char U+0100 (decimal 256)
   defining Unicode char U+0101 (decimal 257)
   defining Unicode char U+0102 (decimal 258)
   defining Unicode char U+0103 (decimal 259)
   defining Unicode char U+0104 (decimal 260)
   defining Unicode char U+0105 (decimal 261)
   defining Unicode char U+0106 (decimal 262)
   defining Unicode char U+0107 (decimal 263)
   defining Unicode char U+0108 (decimal 264)
   defining Unicode char U+0109 (decimal 265)
   defining Unicode char U+010A (decimal 266)
   defining Unicode char U+010B (decimal 267)
   defining Unicode char U+010C (decimal 268)
   defining Unicode char U+010D (decimal 269)
   defining Unicode char U+010E (decimal 270)
   defining Unicode char U+010F (decimal 271)
   defining Unicode char U+0110 (decimal 272)
   defining Unicode char U+0111 (decimal 273)
   defining Unicode char U+0112 (decimal 274)
   defining Unicode char U+0113 (decimal 275)
   defining Unicode char U+0114 (decimal 276)
   defining Unicode char U+0115 (decimal 277)
   defining Unicode char U+0116 (decimal 278)
   defining Unicode char U+0117 (decimal 279)
   defining Unicode char U+0118 (decimal 280)
   defining Unicode char U+0119 (decimal 281)
   defining Unicode char U+011A (decimal 282)
   defining Unicode char U+011B (decimal 283)
   defining Unicode char U+011C (decimal 284)
   defining Unicode char U+011D (decimal 285)
   defining Unicode char U+011E (decimal 286)
   defining Unicode char U+011F (decimal 287)
   defining Unicode char U+0120 (decimal 288)
   defining Unicode char U+0121 (decimal 289)
   defining Unicode char U+0122 (decimal 290)
   defining Unicode char U+0123 (decimal 291)
   defining Unicode char U+0124 (decimal 292)
   defining Unicode char U+0125 (decimal 293)
   defining Unicode char U+0128 (decimal 296)
   defining Unicode char U+0129 (decimal 297)
   defining Unicode char U+012A (decimal 298)
   defining Unicode char U+012B (decimal 299)
   defining Unicode char U+012C (decimal 300)
   defining Unicode char U+012D (decimal 301)
   defining Unicode char U+012E (decimal 302)
   defining Unicode char U+012F (decimal 303)
   defining Unicode char U+0130 (decimal 304)
   defining Unicode char U+0131 (decimal 305)
   defining Unicode char U+0132 (decimal 306)
   defining Unicode char U+0133 (decimal 307)
   defining Unicode char U+0134 (decimal 308)
   defining Unicode char U+0135 (decimal 309)
   defining Unicode char U+0136 (decimal 310)
   defining Unicode char U+0137 (decimal 311)
   defining Unicode char U+0139 (decimal 313)
   defining Unicode char U+013A (decimal 314)
   defining Unicode char U+013B (decimal 315)
   defining Unicode char U+013C (decimal 316)
   defining Unicode char U+013D (decimal 317)
   defining Unicode char U+013E (decimal 318)
   defining Unicode char U+0141 (decimal 321)
   defining Unicode char U+0142 (decimal 322)
   defining Unicode char U+0143 (decimal 323)
   defining Unicode char U+0144 (decimal 324)
   defining Unicode char U+0145 (decimal 325)
   defining Unicode char U+0146 (decimal 326)
   defining Unicode char U+0147 (decimal 327)
   defining Unicode char U+0148 (decimal 328)
   defining Unicode char U+014A (decimal 330)
   defining Unicode char U+014B (decimal 331)
   defining Unicode char U+014C (decimal 332)
   defining Unicode char U+014D (decimal 333)
   defining Unicode char U+014E (decimal 334)
   defining Unicode char U+014F (decimal 335)
   defining Unicode char U+0150 (decimal 336)
   defining Unicode char U+0151 (decimal 337)
   defining Unicode char U+0152 (decimal 338)
   defining Unicode char U+0153 (decimal 339)
   defining Unicode char U+0154 (decimal 340)
   defining Unicode char U+0155 (decimal 341)
   defining Unicode char U+0156 (decimal 342)
   defining Unicode char U+0157 (decimal 343)
   defining Unicode char U+0158 (decimal 344)
   defining Unicode char U+0159 (decimal 345)
   defining Unicode char U+015A (decimal 346)
   defining Unicode char U+015B (decimal 347)
   defining Unicode char U+015C (decimal 348)
   defining Unicode char U+015D (decimal 349)
   defining Unicode char U+015E (decimal 350)
   defining Unicode char U+015F (decimal 351)
   defining Unicode char U+0160 (decimal 352)
   defining Unicode char U+0161 (decimal 353)
   defining Unicode char U+0162 (decimal 354)
   defining Unicode char U+0163 (decimal 355)
   defining Unicode char U+0164 (decimal 356)
   defining Unicode char U+0165 (decimal 357)
   defining Unicode char U+0168 (decimal 360)
   defining Unicode char U+0169 (decimal 361)
   defining Unicode char U+016A (decimal 362)
   defining Unicode char U+016B (decimal 363)
   defining Unicode char U+016C (decimal 364)
   defining Unicode char U+016D (decimal 365)
   defining Unicode char U+016E (decimal 366)
   defining Unicode char U+016F (decimal 367)
   defining Unicode char U+0170 (decimal 368)
   defining Unicode char U+0171 (decimal 369)
   defining Unicode char U+0172 (decimal 370)
   defining Unicode char U+0173 (decimal 371)
   defining Unicode char U+0174 (decimal 372)
   defining Unicode char U+0175 (decimal 373)
   defining Unicode char U+0176 (decimal 374)
   defining Unicode char U+0177 (decimal 375)
   defining Unicode char U+0178 (decimal 376)
   defining Unicode char U+0179 (decimal 377)
   defining Unicode char U+017A (decimal 378)
   defining Unicode char U+017B (decimal 379)
   defining Unicode char U+017C (decimal 380)
   defining Unicode char U+017D (decimal 381)
   defining Unicode char U+017E (decimal 382)
   defining Unicode char U+01CD (decimal 461)
   defining Unicode char U+01CE (decimal 462)
   defining Unicode char U+01CF (decimal 463)
   defining Unicode char U+01D0 (decimal 464)
   defining Unicode char U+01D1 (decimal 465)
   defining Unicode char U+01D2 (decimal 466)
   defining Unicode char U+01D3 (decimal 467)
   defining Unicode char U+01D4 (decimal 468)
   defining Unicode char U+01E2 (decimal 482)
   defining Unicode char U+01E3 (decimal 483)
   defining Unicode char U+01E6 (decimal 486)
   defining Unicode char U+01E7 (decimal 487)
   defining Unicode char U+01E8 (decimal 488)
   defining Unicode char U+01E9 (decimal 489)
   defining Unicode char U+01EA (decimal 490)
   defining Unicode char U+01EB (decimal 491)
   defining Unicode char U+01F0 (decimal 496)
   defining Unicode char U+01F4 (decimal 500)
   defining Unicode char U+01F5 (decimal 501)
   defining Unicode char U+0218 (decimal 536)
   defining Unicode char U+0219 (decimal 537)
   defining Unicode char U+021A (decimal 538)
   defining Unicode char U+021B (decimal 539)
   defining Unicode char U+0232 (decimal 562)
   defining Unicode char U+0233 (decimal 563)
   defining Unicode char U+0237 (decimal 567)
   defining Unicode char U+02D9 (decimal 729)
   defining Unicode char U+02DB (decimal 731)
   defining Unicode char U+1E02 (decimal 7682)
   defining Unicode char U+1E03 (decimal 7683)
   defining Unicode char U+1E9E (decimal 7838)
   defining Unicode char U+200C (decimal 8204)
   defining Unicode char U+2010 (decimal 8208)
   defining Unicode char U+2011 (decimal 8209)
   defining Unicode char U+2012 (decimal 8210)
   defining Unicode char U+2013 (decimal 8211)
   defining Unicode char U+2014 (decimal 8212)
   defining Unicode char U+2015 (decimal 8213)
   defining Unicode char U+2018 (decimal 8216)
   defining Unicode char U+2019 (decimal 8217)
   defining Unicode char U+201A (decimal 8218)
   defining Unicode char U+201C (decimal 8220)
   defining Unicode char U+201D (decimal 8221)
   defining Unicode char U+201E (decimal 8222)
   defining Unicode char U+2030 (decimal 8240)
   defining Unicode char U+2031 (decimal 8241)
   defining Unicode char U+2039 (decimal 8249)
   defining Unicode char U+203A (decimal 8250)
   defining Unicode char U+2423 (decimal 9251)
   defining Unicode char U+1E20 (decimal 7712)
   defining Unicode char U+1E21 (decimal 7713)
   defining Unicode char U+FB00 (decimal 64256)
   defining Unicode char U+FB01 (decimal 64257)
   defining Unicode char U+FB02 (decimal 64258)
   defining Unicode char U+FB03 (decimal 64259)
   defining Unicode char U+FB04 (decimal 64260)
   defining Unicode char U+FB05 (decimal 64261)
   defining Unicode char U+FB06 (decimal 64262)
)
Now handling font encoding TS1 ...
... processing UTF-8 mapping file for font encoding TS1

("C:\Program Files\MiKTeX 2.9\tex/latex/base\ts1enc.dfu"
File: ts1enc.dfu 2019/11/14 v1.2k UTF-8 support for inputenc
   defining Unicode char U+00A2 (decimal 162)
   defining Unicode char U+00A3 (decimal 163)
   defining Unicode char U+00A4 (decimal 164)
   defining Unicode char U+00A5 (decimal 165)
   defining Unicode char U+00A6 (decimal 166)
   defining Unicode char U+00A7 (decimal 167)
   defining Unicode char U+00A8 (decimal 168)
   defining Unicode char U+00A9 (decimal 169)
   defining Unicode char U+00AA (decimal 170)
   defining Unicode char U+00AC (decimal 172)
   defining Unicode char U+00AE (decimal 174)
   defining Unicode char U+00AF (decimal 175)
   defining Unicode char U+00B0 (decimal 176)
   defining Unicode char U+00B1 (decimal 177)
   defining Unicode char U+00B2 (decimal 178)
   defining Unicode char U+00B3 (decimal 179)
   defining Unicode char U+00B4 (decimal 180)
   defining Unicode char U+00B5 (decimal 181)
   defining Unicode char U+00B6 (decimal 182)
   defining Unicode char U+00B7 (decimal 183)
   defining Unicode char U+00B9 (decimal 185)
   defining Unicode char U+00BA (decimal 186)
   defining Unicode char U+00BC (decimal 188)
   defining Unicode char U+00BD (decimal 189)
   defining Unicode char U+00BE (decimal 190)
   defining Unicode char U+00D7 (decimal 215)
   defining Unicode char U+00F7 (decimal 247)
   defining Unicode char U+0192 (decimal 402)
   defining Unicode char U+02C7 (decimal 711)
   defining Unicode char U+02D8 (decimal 728)
   defining Unicode char U+02DD (decimal 733)
   defining Unicode char U+0E3F (decimal 3647)
   defining Unicode char U+2016 (decimal 8214)
   defining Unicode char U+2020 (decimal 8224)
   defining Unicode char U+2021 (decimal 8225)
   defining Unicode char U+2022 (decimal 8226)
   defining Unicode char U+2030 (decimal 8240)
   defining Unicode char U+2031 (decimal 8241)
   defining Unicode char U+203B (decimal 8251)
   defining Unicode char U+203D (decimal 8253)
   defining Unicode char U+2044 (decimal 8260)
   defining Unicode char U+204E (decimal 8270)
   defining Unicode char U+2052 (decimal 8274)
   defining Unicode char U+20A1 (decimal 8353)
   defining Unicode char U+20A4 (decimal 8356)
   defining Unicode char U+20A6 (decimal 8358)
   defining Unicode char U+20A9 (decimal 8361)
   defining Unicode char U+20AB (decimal 8363)
   defining Unicode char U+20AC (decimal 8364)
   defining Unicode char U+20B1 (decimal 8369)
   defining Unicode char U+2103 (decimal 8451)
   defining Unicode char U+2116 (decimal 8470)
   defining Unicode char U+2117 (decimal 8471)
   defining Unicode char U+211E (decimal 8478)
   defining Unicode char U+2120 (decimal 8480)
   defining Unicode char U+2122 (decimal 8482)
   defining Unicode char U+2126 (decimal 8486)
   defining Unicode char U+2127 (decimal 8487)
   defining Unicode char U+212E (decimal 8494)
   defining Unicode char U+2190 (decimal 8592)
   defining Unicode char U+2191 (decimal 8593)
   defining Unicode char U+2192 (decimal 8594)
   defining Unicode char U+2193 (decimal 8595)
   defining Unicode char U+2329 (decimal 9001)
   defining Unicode char U+232A (decimal 9002)
   defining Unicode char U+2422 (decimal 9250)
   defining Unicode char U+25E6 (decimal 9702)
   defining Unicode char U+25EF (decimal 9711)
   defining Unicode char U+266A (decimal 9834)
   defining Unicode char U+27E8 (decimal 10216)
   defining Unicode char U+27E9 (decimal 10217)
   defining Unicode char U+FEFF (decimal 65279)
)
Now handling font encoding OMX ...
... no UTF-8 mapping file for font encoding OMX
Now handling font encoding U ...
... no UTF-8 mapping file for font encoding U
   defining Unicode char U+00A9 (decimal 169)
   defining Unicode char U+00AA (decimal 170)
   defining Unicode char U+00AE (decimal 174)
   defining Unicode char U+00BA (decimal 186)
   defining Unicode char U+02C6 (decimal 710)
   defining Unicode char U+02DC (decimal 732)
   defining Unicode char U+200C (decimal 8204)
   defining Unicode char U+2026 (decimal 8230)
   defining Unicode char U+2122 (decimal 8482)
   defining Unicode char U+2423 (decimal 9251)
   defining Unicode char U+FEFF (decimal 65279)
))
("C:\Program Files\MiKTeX 2.9\tex/generic/babel\babel.sty"
Package: babel 2020/06/10 3.45 The Babel package

("C:\Program Files\MiKTeX 2.9\tex/generic/babel\babel.def"
File: babel.def 2020/06/10 3.45 Babel common definitions
\babel@savecnt=\count175
\U@D=\dimen135
\l@babelnohyphens=\language79

("C:\Program Files\MiKTeX 2.9\tex/generic/babel\txtbabel.def")
\bbl@readstream=\read2
)
\bbl@dirlevel=\count176

*************************************
* Local config file bblopts.cfg used
*
("C:\Program Files\MiKTeX 2.9\tex/latex/arabi\bblopts.cfg"
File: bblopts.cfg 2005/09/08 v0.1 add Arabic and Farsi to "declared" options of
 babel
)
("C:\Program Files\MiKTeX 2.9\tex/generic/babel-french\french.ldf"
Language: french 2020/01/30 v3.5g French support from the babel system
Package babel Info: \l@acadian = using hyphenrules for french
(babel)             (\language22) on input line 91.
Package babel Info: \l@canadien = using hyphenrules for french
(babel)             (\language22) on input line 92.
\FB@nonchar=\count177
Package babel Info: Making : an active character on input line 419.
Package babel Info: Making ; an active character on input line 420.
Package babel Info: Making ! an active character on input line 421.
Package babel Info: Making ? an active character on input line 422.
\FBguill@level=\count178
\FBold@everypar=\toks17
\FB@Mht=\dimen136
\mc@charclass=\count179
\mc@charfam=\count180
\mc@charslot=\count181
\std@mcc=\count182
\dec@mcc=\count183
\c@FBcaption@count=\count184
\listindentFB=\dimen137
\descindentFB=\dimen138
\labelindentFB=\dimen139
\labelwidthFB=\dimen140
\leftmarginFB=\dimen141
\parindentFFN=\dimen142
\FBfnindent=\dimen143
))
("C:\Program Files\MiKTeX 2.9\tex/latex/carlisle\scalefnt.sty")
("C:\Program Files\MiKTeX 2.9\tex/latex/graphics\keyval.sty"
Package: keyval 2014/10/28 v1.15 key=value parser (DPC)
\KV@toks@=\toks18
)
("C:\Program Files\MiKTeX 2.9\tex/latex/base\fontenc.sty"
Package: fontenc 2020/02/11 v2.0o Standard LaTeX package
)
("C:\Program Files\MiKTeX 2.9\tex/latex/hyperref\hyperref.sty"
Package: hyperref 2020-05-15 v7.00e Hypertext links for LaTeX

("C:\Program Files\MiKTeX 2.9\tex/generic/ltxcmds\ltxcmds.sty"
Package: ltxcmds 2019/12/15 v1.24 LaTeX kernel commands for general use (HO)
)
("C:\Program Files\MiKTeX 2.9\tex/generic/iftex\iftex.sty"
Package: iftex 2020/03/06 v1.0d TeX engine tests
)
("C:\Program Files\MiKTeX 2.9\tex/latex/pdftexcmds\pdftexcmds.sty"
Package: pdftexcmds 2020-06-04 v0.32 Utility functions of pdfTeX for LuaTeX (HO
)

("C:\Program Files\MiKTeX 2.9\tex/generic/infwarerr\infwarerr.sty"
Package: infwarerr 2019/12/03 v1.5 Providing info/warning/error messages (HO)
)
Package pdftexcmds Info: \pdf@primitive is available.
Package pdftexcmds Info: \pdf@ifprimitive is available.
Package pdftexcmds Info: \pdfdraftmode found.
)
("C:\Program Files\MiKTeX 2.9\tex/generic/kvsetkeys\kvsetkeys.sty"
Package: kvsetkeys 2019/12/15 v1.18 Key value parser (HO)
)
("C:\Program Files\MiKTeX 2.9\tex/generic/kvdefinekeys\kvdefinekeys.sty"
Package: kvdefinekeys 2019-12-19 v1.6 Define keys (HO)
)
("C:\Program Files\MiKTeX 2.9\tex/generic/pdfescape\pdfescape.sty"
Package: pdfescape 2019/12/09 v1.15 Implements pdfTeX's escape features (HO)
)
("C:\Program Files\MiKTeX 2.9\tex/latex/hycolor\hycolor.sty"
Package: hycolor 2020-01-27 v1.10 Color options for hyperref/bookmark (HO)
)
("C:\Program Files\MiKTeX 2.9\tex/latex/letltxmacro\letltxmacro.sty"
Package: letltxmacro 2019/12/03 v1.6 Let assignment for LaTeX macros (HO)
)
("C:\Program Files\MiKTeX 2.9\tex/latex/auxhook\auxhook.sty"
Package: auxhook 2019-12-17 v1.6 Hooks for auxiliary files (HO)
)
("C:\Program Files\MiKTeX 2.9\tex/latex/kvoptions\kvoptions.sty"
Package: kvoptions 2019/11/29 v3.13 Key value format for package options (HO)
)
\@linkdim=\dimen144
\Hy@linkcounter=\count185
\Hy@pagecounter=\count186

("C:\Program Files\MiKTeX 2.9\tex/latex/hyperref\pd1enc.def"
File: pd1enc.def 2020-05-15 v7.00e Hyperref: PDFDocEncoding definition (HO)
Now handling font encoding PD1 ...
... no UTF-8 mapping file for font encoding PD1
)
("C:\Program Files\MiKTeX 2.9\tex/generic/intcalc\intcalc.sty"
Package: intcalc 2019/12/15 v1.3 Expandable calculations with integers (HO)
)
("C:\Program Files\MiKTeX 2.9\tex/generic/etexcmds\etexcmds.sty"
Package: etexcmds 2019/12/15 v1.7 Avoid name clashes with e-TeX commands (HO)
)
\Hy@SavedSpaceFactor=\count187
Package hyperref Info: Hyper figures OFF on input line 4464.
Package hyperref Info: Link nesting OFF on input line 4469.
Package hyperref Info: Hyper index ON on input line 4472.
Package hyperref Info: Plain pages OFF on input line 4479.
Package hyperref Info: Backreferencing OFF on input line 4484.
Package hyperref Info: Implicit mode ON; LaTeX internals redefined.
Package hyperref Info: Bookmarks ON on input line 4717.
\c@Hy@tempcnt=\count188

("C:\Program Files\MiKTeX 2.9\tex/latex/url\url.sty"
\Urlmuskip=\muskip16
Package: url 2013/09/16  ver 3.4  Verb mode for urls, etc.
)
LaTeX Info: Redefining \url on input line 5076.
\XeTeXLinkMargin=\dimen145

("C:\Program Files\MiKTeX 2.9\tex/generic/bitset\bitset.sty"
Package: bitset 2019/12/09 v1.3 Handle bit-vector datatype (HO)

("C:\Program Files\MiKTeX 2.9\tex/generic/bigintcalc\bigintcalc.sty"
Package: bigintcalc 2019/12/15 v1.5 Expandable calculations on big integers (HO
)
))
\Fld@menulength=\count189
\Field@Width=\dimen146
\Fld@charsize=\dimen147
Package hyperref Info: Hyper figures OFF on input line 6347.
Package hyperref Info: Link nesting OFF on input line 6352.
Package hyperref Info: Hyper index ON on input line 6355.
Package hyperref Info: backreferencing OFF on input line 6362.
Package hyperref Info: Link coloring OFF on input line 6367.
Package hyperref Info: Link coloring with OCG OFF on input line 6372.
Package hyperref Info: PDF/A mode OFF on input line 6377.
LaTeX Info: Redefining \ref on input line 6417.
LaTeX Info: Redefining \pageref on input line 6421.

("C:\Program Files\MiKTeX 2.9\tex/generic/atbegshi\atbegshi.sty"
Package: atbegshi 2019/12/05 v1.19 At begin shipout hook (HO)
)
\Hy@abspage=\count190
\c@Item=\count191
\c@Hfootnote=\count192
)
Package hyperref Info: Driver (autodetected): hpdftex.

("C:\Program Files\MiKTeX 2.9\tex/latex/hyperref\hpdftex.def"
File: hpdftex.def 2020-05-15 v7.00e Hyperref driver for pdfTeX

("C:\Program Files\MiKTeX 2.9\tex/latex/atveryend\atveryend.sty"
Package: atveryend 2019-12-11 v1.11 Hooks at the very end of document (HO)
Package atveryend Info: \enddocument detected (standard20110627).
)
\Fld@listcount=\count193
\c@bookmark@seq@number=\count194

("C:\Program Files\MiKTeX 2.9\tex/latex/rerunfilecheck\rerunfilecheck.sty"
Package: rerunfilecheck 2019/12/05 v1.9 Rerun checks for auxiliary files (HO)

("C:\Program Files\MiKTeX 2.9\tex/generic/uniquecounter\uniquecounter.sty"
Package: uniquecounter 2019/12/15 v1.4 Provide unlimited unique counter (HO)
)
Package uniquecounter Info: New unique counter `rerunfilecheck' on input line 2
86.
)
\Hy@SectionHShift=\skip49
)
Package hyperref Info: Option `colorlinks' set `true' on input line 11.

("C:\Program Files\MiKTeX 2.9\tex/latex/amsmath\amsmath.sty"
Package: amsmath 2020/01/20 v2.17e AMS math features
\@mathmargin=\skip50

For additional information on amsmath, use the `?' option.
("C:\Program Files\MiKTeX 2.9\tex/latex/amsmath\amstext.sty"
Package: amstext 2000/06/29 v2.01 AMS text

("C:\Program Files\MiKTeX 2.9\tex/latex/amsmath\amsgen.sty"
File: amsgen.sty 1999/11/30 v2.0 generic functions
\@emptytoks=\toks19
\ex@=\dimen148
))
("C:\Program Files\MiKTeX 2.9\tex/latex/amsmath\amsbsy.sty"
Package: amsbsy 1999/11/29 v1.2d Bold Symbols
\pmbraise@=\dimen149
)
("C:\Program Files\MiKTeX 2.9\tex/latex/amsmath\amsopn.sty"
Package: amsopn 2016/03/08 v2.02 operator names
)
\inf@bad=\count195
LaTeX Info: Redefining \frac on input line 227.
\uproot@=\count196
\leftroot@=\count197
LaTeX Info: Redefining \overline on input line 389.
\classnum@=\count198
\DOTSCASE@=\count199
LaTeX Info: Redefining \ldots on input line 486.
LaTeX Info: Redefining \dots on input line 489.
LaTeX Info: Redefining \cdots on input line 610.
\Mathstrutbox@=\box45
\strutbox@=\box46
\big@size=\dimen150
LaTeX Font Info:    Redeclaring font encoding OML on input line 733.
LaTeX Font Info:    Redeclaring font encoding OMS on input line 734.
\macc@depth=\count266
\c@MaxMatrixCols=\count267
\dotsspace@=\muskip17
\c@parentequation=\count268
\dspbrk@lvl=\count269
\tag@help=\toks20
\row@=\count270
\column@=\count271
\maxfields@=\count272
\andhelp@=\toks21
\eqnshift@=\dimen151
\alignsep@=\dimen152
\tagshift@=\dimen153
\tagwidth@=\dimen154
\totwidth@=\dimen155
\lineht@=\dimen156
\@envbody=\toks22
\multlinegap=\skip51
\multlinetaggap=\skip52
\mathdisplay@stack=\toks23
LaTeX Info: Redefining \[ on input line 2859.
LaTeX Info: Redefining \] on input line 2860.
)
("C:\Program Files\MiKTeX 2.9\tex/latex/amsfonts\amssymb.sty"
Package: amssymb 2013/01/14 v3.01 AMS font symbols

("C:\Program Files\MiKTeX 2.9\tex/latex/amsfonts\amsfonts.sty"
Package: amsfonts 2013/01/14 v3.01 Basic AMSFonts support
\symAMSa=\mathgroup4
\symAMSb=\mathgroup5
LaTeX Font Info:    Redeclaring math symbol \hbar on input line 98.
LaTeX Font Info:    Overwriting math alphabet `\mathfrak' in version `bold'
(Font)                  U/euf/m/n --> U/euf/b/n on input line 106.
))
("C:\Program Files\MiKTeX 2.9\tex/latex/graphics\graphicx.sty"
Package: graphicx 2019/11/30 v1.2a Enhanced LaTeX Graphics (DPC,SPQR)

("C:\Program Files\MiKTeX 2.9\tex/latex/graphics\graphics.sty"
Package: graphics 2019/11/30 v1.4a Standard LaTeX Graphics (DPC,SPQR)

("C:\Program Files\MiKTeX 2.9\tex/latex/graphics\trig.sty"
Package: trig 2016/01/03 v1.10 sin cos tan (DPC)
)
("C:\Program Files\MiKTeX 2.9\tex/latex/graphics-cfg\graphics.cfg"
File: graphics.cfg 2016/06/04 v1.11 sample graphics configuration
)
Package graphics Info: Driver file: pdftex.def on input line 105.

("C:\Program Files\MiKTeX 2.9\tex/latex/graphics-def\pdftex.def"
File: pdftex.def 2018/01/08 v1.0l Graphics/color driver for pdftex
))
\Gin@req@height=\dimen157
\Gin@req@width=\dimen158
)
("C:\Program Files\MiKTeX 2.9\tex/latex/fancyvrb\fancyvrb.sty"
Package: fancyvrb 2020/05/03 v3.6 verbatim text (tvz,hv)
\FV@CodeLineNo=\count273
\FV@InFile=\read3
\FV@TabBox=\box47
\c@FancyVerbLine=\count274
\FV@StepNumber=\count275
\FV@OutFile=\write3
)
("C:\Program Files\MiKTeX 2.9\tex/latex/geometry\geometry.sty"
Package: geometry 2020/01/02 v5.9 Page Geometry

("C:\Program Files\MiKTeX 2.9\tex/generic/iftex\ifvtex.sty"
Package: ifvtex 2019/10/25 v1.7 ifvtex legacy package. Use iftex instead.
)
\Gm@cnth=\count276
\Gm@cntv=\count277
\c@Gm@tempcnt=\count278
\Gm@bindingoffset=\dimen159
\Gm@wd@mp=\dimen160
\Gm@odd@mp=\dimen161
\Gm@even@mp=\dimen162
\Gm@layoutwidth=\dimen163
\Gm@layoutheight=\dimen164
\Gm@layouthoffset=\dimen165
\Gm@layoutvoffset=\dimen166
\Gm@dimlist=\toks24

("C:\Program Files\MiKTeX 2.9\tex/latex/geometry\geometry.cfg"))
("C:\Program Files\MiKTeX 2.9\tex/latex/float\float.sty"
Package: float 2001/11/08 v1.3d Float enhancements (AL)
\c@float@type=\count279
\float@exts=\toks25
\float@box=\box48
\@float@everytoks=\toks26
\@floatcapt=\box49
)
("C:\Program Files\MiKTeX 2.9\tex/latex/framed\framed.sty"
Package: framed 2011/10/22 v 0.96: framed or shaded text with page breaks
\OuterFrameSep=\skip53
\fb@frw=\dimen167
\fb@frh=\dimen168
\FrameRule=\dimen169
\FrameSep=\dimen170
)
("C:\Program Files\MiKTeX 2.9\tex/latex/graphics\color.sty"
Package: color 2019/11/23 v1.2a Standard LaTeX Color (DPC)

("C:\Program Files\MiKTeX 2.9\tex/latex/graphics-cfg\color.cfg"
File: color.cfg 2016/01/02 v1.6 sample color configuration
)
Package color Info: Driver file: pdftex.def on input line 147.
)
("C:\Program Files\MiKTeX 2.9\tex/latex/tools\verbatim.sty"
Package: verbatim 2019/11/10 v1.5r LaTeX2e package for verbatim enhancements
\every@verbatim=\toks27
\verbatim@line=\toks28
\verbatim@in@stream=\read4
)
("C:\Program Files\MiKTeX 2.9\tex/latex/xcolor\xcolor.sty"
Package: xcolor 2016/05/11 v2.12 LaTeX color extensions (UK)

("C:\Program Files\MiKTeX 2.9\tex/latex/graphics-cfg\color.cfg"
File: color.cfg 2016/01/02 v1.6 sample color configuration
)
Package xcolor Info: Driver file: pdftex.def on input line 225.
LaTeX Info: Redefining \color on input line 709.
Package xcolor Info: Model `cmy' substituted by `cmy0' on input line 1348.
Package xcolor Info: Model `hsb' substituted by `rgb' on input line 1352.
Package xcolor Info: Model `RGB' extended on input line 1364.
Package xcolor Info: Model `HTML' substituted by `rgb' on input line 1366.
Package xcolor Info: Model `Hsb' substituted by `hsb' on input line 1367.
Package xcolor Info: Model `tHsb' substituted by `hsb' on input line 1368.
Package xcolor Info: Model `HSB' substituted by `hsb' on input line 1369.
Package xcolor Info: Model `Gray' substituted by `gray' on input line 1370.
Package xcolor Info: Model `wave' substituted by `hsb' on input line 1371.
)
("C:\Program Files\MiKTeX 2.9\tex/latex/listings\listings.sty"
\lst@mode=\count280
\lst@gtempboxa=\box50
\lst@token=\toks29
\lst@length=\count281
\lst@currlwidth=\dimen171
\lst@column=\count282
\lst@pos=\count283
\lst@lostspace=\dimen172
\lst@width=\dimen173
\lst@newlines=\count284
\lst@lineno=\count285
\lst@maxwidth=\dimen174

("C:\Program Files\MiKTeX 2.9\tex/latex/listings\lstmisc.sty"
File: lstmisc.sty 2020/03/24 1.8d (Carsten Heinz)
\c@lstnumber=\count286
\lst@skipnumbers=\count287
\lst@framebox=\box51
)
("C:\Program Files\MiKTeX 2.9\tex/latex/listings\listings.cfg"
File: listings.cfg 2020/03/24 1.8d listings configuration
))
Package: listings 2020/03/24 1.8d (Carsten Heinz)

("C:\Program Files\MiKTeX 2.9\tex/latex/l3backend\l3backend-pdfmode.def"
File: l3backend-pdfmode.def 2020-06-18 L3 backend support: PDF mode
\l__kernel_color_stack_int=\count288
\l__pdf_internal_box=\box52
)
No file "Rapport de stage".aux.
\openout1 = `"Rapport de stage.aux"'.

LaTeX Font Info:    Checking defaults for OML/cmm/m/it on input line 37.
LaTeX Font Info:    ... okay on input line 37.
LaTeX Font Info:    Checking defaults for OMS/cmsy/m/n on input line 37.
LaTeX Font Info:    ... okay on input line 37.
LaTeX Font Info:    Checking defaults for OT1/cmr/m/n on input line 37.
LaTeX Font Info:    ... okay on input line 37.
LaTeX Font Info:    Checking defaults for T1/cmr/m/n on input line 37.
LaTeX Font Info:    ... okay on input line 37.
LaTeX Font Info:    Checking defaults for TS1/cmr/m/n on input line 37.
LaTeX Font Info:    ... okay on input line 37.
LaTeX Font Info:    Checking defaults for OMX/cmex/m/n on input line 37.
LaTeX Font Info:    ... okay on input line 37.
LaTeX Font Info:    Checking defaults for U/cmr/m/n on input line 37.
LaTeX Font Info:    ... okay on input line 37.
LaTeX Font Info:    Checking defaults for PD1/pdf/m/n on input line 37.
LaTeX Font Info:    ... okay on input line 37.
LaTeX Info: Redefining \degres on input line 37.
LaTeX Info: Redefining \dots on input line 37.
LaTeX Info: Redefining \up on input line 37.
\AtBeginShipoutBox=\box53
Package hyperref Info: Link coloring ON on input line 37.
("C:\Program Files\MiKTeX 2.9\tex/latex/hyperref\nameref.sty"
Package: nameref 2019/09/16 v2.46 Cross-referencing by name of section

("C:\Program Files\MiKTeX 2.9\tex/latex/refcount\refcount.sty"
Package: refcount 2019/12/15 v3.6 Data extraction from label references (HO)
)
("C:\Program Files\MiKTeX 2.9\tex/generic/gettitlestring\gettitlestring.sty"
Package: gettitlestring 2019/12/15 v1.6 Cleanup title references (HO)
)
\c@section@level=\count289
)
LaTeX Info: Redefining \ref on input line 37.
LaTeX Info: Redefining \pageref on input line 37.
LaTeX Info: Redefining \nameref on input line 37.
\@outlinefile=\write4
\openout4 = `"Rapport de stage.out"'.


("C:\Program Files\MiKTeX 2.9\tex/context/base/mkii\supp-pdf.mkii"
[Loading MPS to PDF converter (version 2006.09.02).]
\scratchcounter=\count290
\scratchdimen=\dimen175
\scratchbox=\box54
\nofMPsegments=\count291
\nofMParguments=\count292
\everyMPshowfont=\toks30
\MPscratchCnt=\count293
\MPscratchDim=\dimen176
\MPnumerator=\count294
\makeMPintoPDFobject=\count295
\everyMPtoPDFconversion=\toks31
) ("C:\Program Files\MiKTeX 2.9\tex/latex/epstopdf-pkg\epstopdf-base.sty"
Package: epstopdf-base 2020-01-24 v2.11 Base part for package epstopdf
Package epstopdf-base Info: Redefining graphics rule for `.eps' on input line 4
85.
)
*geometry* driver: auto-detecting
*geometry* detected driver: pdftex
*geometry* verbose mode - [ preamble ] result:
* driver: pdftex
* paper: <default>
* layout: <same size as paper>
* layoutoffset:(h,v)=(0.0pt,0.0pt)
* modes: 
* h-part:(L,W,R)=(56.9055pt, 500.484pt, 56.9055pt)
* v-part:(T,H,B)=(42.67912pt, 709.61174pt, 42.67912pt)
* \paperwidth=614.295pt
* \paperheight=794.96999pt
* \textwidth=500.484pt
* \textheight=709.61174pt
* \oddsidemargin=-15.36449pt
* \evensidemargin=-15.36449pt
* \topmargin=-66.59087pt
* \headheight=12.0pt
* \headsep=25.0pt
* \topskip=12.0pt
* \footskip=30.0pt
* \marginparwidth=44.0pt
* \marginparsep=10.0pt
* \columnsep=10.0pt
* \skip\footins=10.8pt plus 4.0pt minus 2.0pt
* \hoffset=0.0pt
* \voffset=0.0pt
* \mag=1000
* \@twocolumnfalse
* \@twosidefalse
* \@mparswitchfalse
* \@reversemarginfalse
* (1in=72.27pt=25.4mm, 1cm=28.453pt)

\c@lstlisting=\count296
LaTeX Font Info:    Trying to load font information for U+msa on input line 62.

("C:\Program Files\MiKTeX 2.9\tex/latex/amsfonts\umsa.fd"
File: umsa.fd 2013/01/14 v3.01 AMS symbols A
)
LaTeX Font Info:    Trying to load font information for U+msb on input line 62.


("C:\Program Files\MiKTeX 2.9\tex/latex/amsfonts\umsb.fd"
File: umsb.fd 2013/01/14 v3.01 AMS symbols B
) [1

{C:/Users/antoi/AppData/Local/MiKTeX/2.9/pdftex/config/pdftex.map}]
Underfull \hbox (badness 10000) in paragraph at lines 73--74

 []


Underfull \hbox (badness 10000) in paragraph at lines 75--76

 []


Underfull \hbox (badness 10000) in paragraph at lines 77--78

 []

pdfTeX warning (ext4): destination with the same identifier (name{page.1}) has 
been already used, duplicate ignored
<to be read again> 
                   \relax 
l.79 \newpage
              [1]
\tf@toc=\write5
\openout5 = `"Rapport de stage.toc"'.

 [2] [3]
Underfull \hbox (badness 10000) in paragraph at lines 110--111

 []


Underfull \hbox (badness 10000) in paragraph at lines 125--126

 []

<figures/donneesmail.png, id=32, 654.94687pt x 138.5175pt>
File: figures/donneesmail.png Graphic file (type png)
<use figures/donneesmail.png>
Package pdftex.def Info: figures/donneesmail.png  used on input line 130.
(pdftex.def)             Requested size: 495.48189pt x 104.79248pt.
[4 <./figures/donneesmail.png>]
Underfull \hbox (badness 10000) in paragraph at lines 136--137

 []


Overfull \hbox (10.1274pt too wide) in paragraph at lines 138--139
[]\T1/cmr/m/n/12 Lors de l'en-traî-ne-ment du mo-dèle, on ap-pel-lera cet ob-je
t avec l'ex-ten-sion \T1/cmr/bx/n/12 .fit_transform(X_train)
 []

LaTeX Font Info:    Trying to load font information for T1+cmtt on input line 1
43.
("C:\Program Files\MiKTeX 2.9\tex/latex/base\t1cmtt.fd"
File: t1cmtt.fd 2019/12/16 v2.5j Standard LaTeX font definitions
)
Overfull \hbox (5.74239pt too wide) in paragraph at lines 148--148
[]\T1/cmtt/m/n/12 print("#mails pour training :",X_train_vect.shape[0],'\n#proj
ets :',y_train.max())[] 
 []

[5]
Overfull \hbox (5.94164pt too wide) in paragraph at lines 171--171
[]\T1/cmr/bx/n/17.28 Deuxième mis-sion : op-ti-mi-sa-tion de la ré-par-ti-tion 
des tâches 
 []


Underfull \hbox (badness 10000) in paragraph at lines 172--173

 []


Underfull \hbox (badness 10000) in paragraph at lines 180--181

 []

<figures/matrice comp.png, id=53, 866.23625pt x 308.15125pt>
File: figures/matrice comp.png Graphic file (type png)
<use figures/matrice comp.png>
Package pdftex.def Info: figures/matrice comp.png  used on input line 194.
(pdftex.def)             Requested size: 375.36299pt x 133.53218pt.

Underfull \hbox (badness 10000) in paragraph at lines 201--203

 []

[6pdfTeX warning (ext4): destination with the same identifier (name{figure.1}) 
has been already used, duplicate ignored

\AtBegShi@Output ...ipout \box \AtBeginShipoutBox 
                                                  \fi \fi 
l.204 \newpage
               <./figures/matrice comp.png (PNG copy)>]
Underfull \hbox (badness 10000) in paragraph at lines 206--208

 []


Underfull \hbox (badness 10000) in paragraph at lines 227--228

 []


Underfull \hbox (badness 10000) in paragraph at lines 231--232

 []

[7]
<figures/2matrixassignation.png, id=72, 829.0975pt x 293.095pt>
File: figures/2matrixassignation.png Graphic file (type png)
<use figures/2matrixassignation.png>
Package pdftex.def Info: figures/2matrixassignation.png  used on input line 239
.
(pdftex.def)             Requested size: 495.48189pt x 175.1562pt.
<figures/graphe.jpg, id=73, 564.60938pt x 397.485pt>
File: figures/graphe.jpg Graphic file (type jpg)
<use figures/graphe.jpg>
Package pdftex.def Info: figures/graphe.jpg  used on input line 257.
(pdftex.def)             Requested size: 375.36299pt x 264.25748pt.
 [8pdfTeX warning (ext4): destination with the same identifier (name{figure.2})
 has been already used, duplicate ignored

\AtBegShi@Output ...ipout \box \AtBeginShipoutBox 
                                                  \fi \fi 
l.260 \newpage
              pdfTeX warning (ext4): destination with the same identifier (name
{figure.3}) has been already used, duplicate ignored

\AtBegShi@Output ...ipout \box \AtBeginShipoutBox 
                                                  \fi \fi 
l.260 \newpage
               <./figures/2matrixassignation.png> <./figures/graphe.jpg>]
Underfull \hbox (badness 10000) in paragraph at lines 270--271

 []


Underfull \hbox (badness 10000) in paragraph at lines 286--288

 []

[9]
Underfull \hbox (badness 10000) in paragraph at lines 342--343

 []


Underfull \hbox (badness 10000) in paragraph at lines 349--351

 []

[10]
Underfull \hbox (badness 10000) in paragraph at lines 386--387

 []


Underfull \hbox (badness 10000) in paragraph at lines 388--389

 []


Underfull \hbox (badness 10000) in paragraph at lines 391--392

 []

[11]
<figures/plagehoraire.jpg, id=110, 329.73187pt x 48.18pt>
File: figures/plagehoraire.jpg Graphic file (type jpg)
<use figures/plagehoraire.jpg>
Package pdftex.def Info: figures/plagehoraire.jpg  used on input line 418.
(pdftex.def)             Requested size: 250.24199pt x 36.56569pt.

Underfull \hbox (badness 10000) in paragraph at lines 433--434

 []

[12 <./figures/plagehoraire.jpg>]
Underfull \hbox (badness 10000) in paragraph at lines 443--445

 []


Underfull \hbox (badness 10000) in paragraph at lines 446--447

 []


Underfull \hbox (badness 10000) in paragraph at lines 448--449

 []


Underfull \hbox (badness 10000) in paragraph at lines 459--460

 []


Underfull \hbox (badness 10000) in paragraph at lines 462--464

 []

[13]
Underfull \hbox (badness 10000) in paragraph at lines 477--478

 []


Underfull \hbox (badness 10000) in paragraph at lines 479--480

 []


Underfull \hbox (badness 10000) in paragraph at lines 482--483

 []

[14] [15]
<figures/tmu1.png, id=148, 481.8pt x 431.36156pt>
File: figures/tmu1.png Graphic file (type png)
<use figures/tmu1.png>
Package pdftex.def Info: figures/tmu1.png  used on input line 537.
(pdftex.def)             Requested size: 495.48189pt x 443.62283pt.
<figures/tmu2.png, id=149, 462.22687pt x 536.0025pt>
File: figures/tmu2.png Graphic file (type png)
<use figures/tmu2.png>
Package pdftex.def Info: figures/tmu2.png  used on input line 547.
(pdftex.def)             Requested size: 475.45825pt x 551.35266pt.
 [16 <./figures/tmu1.png>]
Underfull \hbox (badness 10000) in paragraph at lines 551--552

 []

[17 <./figures/tmu2.png>]
<figures/tmu3.png, id=161, 499.8675pt x 642.14906pt>
File: figures/tmu3.png Graphic file (type png)
<use figures/tmu3.png>
Package pdftex.def Info: figures/tmu3.png  used on input line 559.
(pdftex.def)             Requested size: 495.48189pt x 636.5428pt.
 [18 <./figures/tmu3.png>]
<figures/oedt1.png, id=169, 942.52126pt x 442.65375pt>
File: figures/oedt1.png Graphic file (type png)
<use figures/oedt1.png>
Package pdftex.def Info: figures/oedt1.png  used on input line 601.
(pdftex.def)             Requested size: 495.48189pt x 232.70064pt.
 [19 <./figures/oedt1.png>]
<figures/oedt2.png, id=176, 475.02469pt x 595.47469pt>
File: figures/oedt2.png Graphic file (type png)
<use figures/oedt2.png>
Package pdftex.def Info: figures/oedt2.png  used on input line 613.
(pdftex.def)             Requested size: 495.48189pt x 621.14172pt.

[20 <./figures/oedt2.png>]
Underfull \hbox (badness 10000) in paragraph at lines 623--624

 []

<figures/oedt3.png, id=182, 386.94562pt x 154.32657pt>
File: figures/oedt3.png Graphic file (type png)
<use figures/oedt3.png>
Package pdftex.def Info: figures/oedt3.png  used on input line 630.
(pdftex.def)             Requested size: 425.41444pt x 169.67024pt.
[21 <./figures/oedt3.png>]
<figures/dfrdv.png, id=190, 541.27219pt x 137.7647pt>
File: figures/dfrdv.png Graphic file (type png)
<use figures/dfrdv.png>
Package pdftex.def Info: figures/dfrdv.png  used on input line 681.
(pdftex.def)             Requested size: 450.43253pt x 114.64735pt.

Underfull \hbox (badness 10000) in paragraph at lines 696--698

 []

[22pdfTeX warning (ext4): destination with the same identifier (name{figure.4})
 has been already used, duplicate ignored

\AtBegShi@Output ...ipout \box \AtBeginShipoutBox 
                                                  \fi \fi 
l.698 
       <./figures/dfrdv.png>]
Underfull \hbox (badness 10000) in paragraph at lines 699--700

 []


Underfull \hbox (badness 10000) in paragraph at lines 701--702

 []


Underfull \hbox (badness 10000) in paragraph at lines 704--705

 []


Underfull \hbox (badness 10000) in paragraph at lines 706--708

 []


Underfull \hbox (badness 10000) in paragraph at lines 709--710

 []


Underfull \hbox (badness 10000) in paragraph at lines 711--712

 []

[23]
<figures/Circles2.png, id=207, 777.65532pt x 566.86781pt>
File: figures/Circles2.png Graphic file (type png)
<use figures/Circles2.png>
Package pdftex.def Info: figures/Circles2.png  used on input line 723.
(pdftex.def)             Requested size: 425.41444pt x 310.10887pt.
<figures/distance matrix.png, id=208, 613.54219pt x 297.36093pt>
File: figures/distance matrix.png Graphic file (type png)
<use figures/distance matrix.png>
Package pdftex.def Info: figures/distance matrix.png  used on input line 740.
(pdftex.def)             Requested size: 410.40053pt x 198.90863pt.
 [24pdfTeX warning (ext4): destination with the same identifier (name{figure.5}
) has been already used, duplicate ignored

\AtBegShi@Output ...ipout \box \AtBeginShipoutBox 
                                                  \fi \fi 
l.744 \newpage
              pdfTeX warning (ext4): destination with the same identifier (name
{figure.6}) has been already used, duplicate ignored

\AtBegShi@Output ...ipout \box \AtBeginShipoutBox 
                                                  \fi \fi 
l.744 \newpage
               <./figures/Circles2.png> <./figures/distance matrix.png>]
<figures/completion final.png, id=219, 745.28438pt x 566.115pt>
File: figures/completion final.png Graphic file (type png)
<use figures/completion final.png>
Package pdftex.def Info: figures/completion final.png  used on input line 769.
(pdftex.def)             Requested size: 475.45825pt x 361.15485pt.

[25pdfTeX warning (ext4): destination with the same identifier (name{figure.7})
 has been already used, duplicate ignored

\AtBegShi@Output ...ipout \box \AtBeginShipoutBox 
                                                  \fi \fi 
l.777 \newpage
               <./figures/completion final.png>]
<figures/completion programme.png, id=230, 728.7225pt x 390.70969pt>
File: figures/completion programme.png Graphic file (type png)
<use figures/completion programme.png>
Package pdftex.def Info: figures/completion programme.png  used on input line 7
85.
(pdftex.def)             Requested size: 475.45825pt x 254.91812pt.
<figures/interrdv.png, id=231, 750.55406pt x 230.36063pt>
File: figures/interrdv.png Graphic file (type png)
<use figures/interrdv.png>
Package pdftex.def Info: figures/interrdv.png  used on input line 793.
(pdftex.def)             Requested size: 475.45825pt x 145.92937pt.
 [26pdfTeX warning (ext4): destination with the same identifier (name{figure.8}
) has been already used, duplicate ignored

\AtBegShi@Output ...ipout \box \AtBeginShipoutBox 
                                                  \fi \fi 
l.800 \newpage
              pdfTeX warning (ext4): destination with the same identifier (name
{figure.9}) has been already used, duplicate ignored

\AtBegShi@Output ...ipout \box \AtBeginShipoutBox 
                                                  \fi \fi 
l.800 \newpage
               <./figures/completion programme.png> <./figures/interrdv.png>]
Underfull \hbox (badness 10000) in paragraph at lines 812--813

 []

<figures/adresses toulouse.png, id=240, 986.9372pt x 545.78906pt>
File: figures/adresses toulouse.png Graphic file (type png)
<use figures/adresses toulouse.png>
Package pdftex.def Info: figures/adresses toulouse.png  used on input line 821.

(pdftex.def)             Requested size: 475.45825pt x 262.94182pt.
[27pdfTeX warning (ext4): destination with the same identifier (name{figure.10}
) has been already used, duplicate ignored

\AtBegShi@Output ...ipout \box \AtBeginShipoutBox 
                                                  \fi \fi 
l.830 \newpage
               <./figures/adresses toulouse.png>]
<figures/toulouse tournee opti.png, id=250, 941.76843pt x 530.73282pt>
File: figures/toulouse tournee opti.png Graphic file (type png)
<use figures/toulouse tournee opti.png>
Package pdftex.def Info: figures/toulouse tournee opti.png  used on input line 
838.
(pdftex.def)             Requested size: 475.45825pt x 267.94102pt.
<figures/adresses ra.png, id=252, 903.375pt x 465.23813pt>
File: figures/adresses ra.png Graphic file (type png)
<use figures/adresses ra.png>
Package pdftex.def Info: figures/adresses ra.png  used on input line 849.
(pdftex.def)             Requested size: 475.45825pt x 244.86418pt.
 [28pdfTeX warning (ext4): destination with the same identifier (name{figure.11
}) has been already used, duplicate ignored

\AtBegShi@Output ...ipout \box \AtBeginShipoutBox 
                                                  \fi \fi 
l.853 \newpage
              pdfTeX warning (ext4): destination with the same identifier (name
{figure.12}) has been already used, duplicate ignored

\AtBegShi@Output ...ipout \box \AtBeginShipoutBox 
                                                  \fi \fi 
l.853 \newpage
               <./figures/toulouse tournee opti.png> <./figures/adresses ra.png
>]
<figures/ra erreur1.png, id=264, 819.8128pt x 369.63094pt>
File: figures/ra erreur1.png Graphic file (type png)
<use figures/ra erreur1.png>
Package pdftex.def Info: figures/ra erreur1.png  used on input line 858.
(pdftex.def)             Requested size: 490.47217pt x 221.14293pt.
<figures/ra erreur 2.png, id=265, 376.40625pt x 376.40625pt>
File: figures/ra erreur 2.png Graphic file (type png)
<use figures/ra erreur 2.png>
Package pdftex.def Info: figures/ra erreur 2.png  used on input line 867.
(pdftex.def)             Requested size: 245.2399pt x 245.247pt.
<figures/ra erreur 3.png, id=266, 557.83406pt x 557.83406pt>
File: figures/ra erreur 3.png Graphic file (type png)
<use figures/ra erreur 3.png>
Package pdftex.def Info: figures/ra erreur 3.png  used on input line 868.
(pdftex.def)             Requested size: 245.2399pt x 245.23494pt.
 [29pdfTeX warning (ext4): destination with the same identifier (name{figure.13
}) has been already used, duplicate ignored

\AtBegShi@Output ...ipout \box \AtBeginShipoutBox 
                                                  \fi \fi 
l.876 \newpage
              pdfTeX warning (ext4): destination with the same identifier (name
{figure.14}) has been already used, duplicate ignored

\AtBegShi@Output ...ipout \box \AtBeginShipoutBox 
                                                  \fi \fi 
l.876 \newpage
               <./figures/ra erreur1.png> <./figures/ra erreur 2.png> <./figure
s/ra erreur 3.png>]
<figures/capture_adresses.png, id=276, 811.53188pt x 423.83344pt>
File: figures/capture_adresses.png Graphic file (type png)
<use figures/capture_adresses.png>
Package pdftex.def Info: figures/capture_adresses.png  used on input line 886.
(pdftex.def)             Requested size: 490.47217pt x 256.16455pt.
<figures/kmeans-silhouette.png, id=277, 498.86375pt x 358.33875pt>
File: figures/kmeans-silhouette.png Graphic file (type png)
<use figures/kmeans-silhouette.png>
Package pdftex.def Info: figures/kmeans-silhouette.png  used on input line 897.

(pdftex.def)             Requested size: 245.2399pt x 176.15617pt.
<figures/kmeans-clustering.png, id=278, 516.93124pt x 330.23375pt>
File: figures/kmeans-clustering.png Graphic file (type png)
<use figures/kmeans-clustering.png>
Package pdftex.def Info: figures/kmeans-clustering.png  used on input line 898.

(pdftex.def)             Requested size: 245.2399pt x 156.66612pt.
 [30pdfTeX warning (ext4): destination with the same identifier (name{figure.15
}) has been already used, duplicate ignored

\AtBegShi@Output ...ipout \box \AtBeginShipoutBox 
                                                  \fi \fi 
l.903 \newpage
              pdfTeX warning (ext4): destination with the same identifier (name
{figure.16}) has been already used, duplicate ignored

\AtBegShi@Output ...ipout \box \AtBeginShipoutBox 
                                                  \fi \fi 
l.903 \newpage
               <./figures/capture_adresses.png> <./figures/kmeans-silhouette.pn
g> <./figures/kmeans-clustering.png>]
Underfull \hbox (badness 10000) in paragraph at lines 907--908

 []

<figures/ARA_ordre_clusters_distance_matrix.png, id=290, 788.9475pt x 330.23375
pt>
File: figures/ARA_ordre_clusters_distance_matrix.png Graphic file (type png)
<use figures/ARA_ordre_clusters_distance_matrix.png>
Package pdftex.def Info: figures/ARA_ordre_clusters_distance_matrix.png  used o
n input line 916.
(pdftex.def)             Requested size: 495.48189pt x 207.39832pt.

Underfull \hbox (badness 10000) in paragraph at lines 920--921

 []

<figures/ARA_entrees_sorties.png, id=291, 1066.98625pt x 371.3875pt>
File: figures/ARA_entrees_sorties.png Graphic file (type png)
<use figures/ARA_entrees_sorties.png>
Package pdftex.def Info: figures/ARA_entrees_sorties.png  used on input line 93
2.
(pdftex.def)             Requested size: 495.48189pt x 172.46104pt.
[31pdfTeX warning (ext4): destination with the same identifier (name{figure.17}
) has been already used, duplicate ignored

\AtBegShi@Output ...ipout \box \AtBeginShipoutBox 
                                                  \fi \fi 
l.935 
       <./figures/ARA_ordre_clusters_distance_matrix.png>]
<figures/kmeans-final.png, id=301, 718.93594pt x 398.99063pt>
File: figures/kmeans-final.png Graphic file (type png)
<use figures/kmeans-final.png>
Package pdftex.def Info: figures/kmeans-final.png  used on input line 942.
(pdftex.def)             Requested size: 495.48189pt x 274.98724pt.
 [32pdfTeX warning (ext4): destination with the same identifier (name{figure.18
}) has been already used, duplicate ignored

\AtBegShi@Output ...ipout \box \AtBeginShipoutBox 
                                                  \fi \fi 
l.946 \newpage
              pdfTeX warning (ext4): destination with the same identifier (name
{figure.19}) has been already used, duplicate ignored

\AtBegShi@Output ...ipout \box \AtBeginShipoutBox 
                                                  \fi \fi 
l.946 \newpage
               <./figures/ARA_entrees_sorties.png> <./figures/kmeans-final.png>
]
<figures/erreur1.png, id=310, 637.63219pt x 637.63219pt>
File: figures/erreur1.png Graphic file (type png)
<use figures/erreur1.png>
Package pdftex.def Info: figures/erreur1.png  used on input line 950.
(pdftex.def)             Requested size: 160.15854pt x 160.15681pt.
<figures/erreur2.png, id=311, 684.30656pt x 684.30656pt>
File: figures/erreur2.png Graphic file (type png)
<use figures/erreur2.png>
Package pdftex.def Info: figures/erreur2.png  used on input line 951.
(pdftex.def)             Requested size: 160.15854pt x 160.15424pt.
<figures/erreur3.png, id=312, 468.24937pt x 469.00218pt>
File: figures/erreur3.png Graphic file (type png)
<use figures/erreur3.png>
Package pdftex.def Info: figures/erreur3.png  used on input line 952.
(pdftex.def)             Requested size: 160.15854pt x 160.41759pt.
 [33pdfTeX warning (ext4): destination with the same identifier (name{figure.20
}) has been already used, duplicate ignored

\AtBegShi@Output ...ipout \box \AtBeginShipoutBox 
                                                  \fi \fi 
l.977 \newpage
               <./figures/erreur1.png> <./figures/erreur2.png> <./figures/erreu
r3.png>]
<figures/completion marseille.png, id=325, 918.43124pt x 580.41844pt>
File: figures/completion marseille.png Graphic file (type png)
<use figures/completion marseille.png>
Package pdftex.def Info: figures/completion marseille.png  used on input line 9
85.
(pdftex.def)             Requested size: 425.41444pt x 268.84673pt.
<figures/completion lyon.png, id=326, 966.61125pt x 648.17157pt>
File: figures/completion lyon.png Graphic file (type png)
<use figures/completion lyon.png>
Package pdftex.def Info: figures/completion lyon.png  used on input line 987.
(pdftex.def)             Requested size: 425.41444pt x 285.2656pt.
 [34pdfTeX warning (ext4): destination with the same identifier (name{figure.21
}) has been already used, duplicate ignored

\AtBegShi@Output ...ipout \box \AtBeginShipoutBox 
                                                  \fi \fi 
l.993 \newpage
               <./figures/completion marseille.png> <./figures/completion lyon.
png>]
<figures/toulouse walking.png, id=337, 831.105pt x 548.0475pt>
File: figures/toulouse walking.png Graphic file (type png)
<use figures/toulouse walking.png>
Package pdftex.def Info: figures/toulouse walking.png  used on input line 1000.

(pdftex.def)             Requested size: 475.45825pt x 313.52762pt.
 [35pdfTeX warning (ext4): destination with the same identifier (name{figure.22
}) has been already used, duplicate ignored

\AtBegShi@Output ...ipout \box \AtBeginShipoutBox 
                                                  \fi \fi 
l.1010 \newpage
                <./figures/toulouse walking.png>]
<figures/NA_adresses.png, id=346, 1148.03906pt x 746.79pt>
File: figures/NA_adresses.png Graphic file (type png)
<use figures/NA_adresses.png>
Package pdftex.def Info: figures/NA_adresses.png  used on input line 1016.
(pdftex.def)             Requested size: 495.48189pt x 322.29852pt.
<figures/NA_ordre_cluster_distance_matrix.png, id=347, 782.925pt x 330.23375pt>

File: figures/NA_ordre_cluster_distance_matrix.png Graphic file (type png)
<use figures/NA_ordre_cluster_distance_matrix.png>
Package pdftex.def Info: figures/NA_ordre_cluster_distance_matrix.png  used on 
input line 1023.
(pdftex.def)             Requested size: 495.48189pt x 208.99567pt.
<figures/NA_entrees_sorties.png, id=348, 1048.91875pt x 371.3875pt>
File: figures/NA_entrees_sorties.png Graphic file (type png)
<use figures/NA_entrees_sorties.png>
Package pdftex.def Info: figures/NA_entrees_sorties.png  used on input line 103
1.
(pdftex.def)             Requested size: 495.48189pt x 175.43051pt.
 [36pdfTeX warning (ext4): destination with the same identifier (name{figure.23
}) has been already used, duplicate ignored

\AtBegShi@Output ...ipout \box \AtBeginShipoutBox 
                                                  \fi \fi 
l.1034 
       pdfTeX warning (ext4): destination with the same identifier (name{figure
.24}) has been already used, duplicate ignored

\AtBegShi@Output ...ipout \box \AtBeginShipoutBox 
                                                  \fi \fi 
l.1034 
        <./figures/NA_adresses.png> <./figures/NA_ordre_cluster_distance_matrix
.png>]
<figures/NA_trajet_final.png, id=359, 1008.01593pt x 742.27313pt>
File: figures/NA_trajet_final.png Graphic file (type png)
<use figures/NA_trajet_final.png>
Package pdftex.def Info: figures/NA_trajet_final.png  used on input line 1038.
(pdftex.def)             Requested size: 495.48189pt x 364.86096pt.
<figures/NAcluster1.png, id=360, 612.78937pt x 612.78937pt>
File: figures/NAcluster1.png Graphic file (type png)
<use figures/NAcluster1.png>
Package pdftex.def Info: figures/NAcluster1.png  used on input line 1045.
(pdftex.def)             Requested size: 160.15854pt x 160.15366pt.
<figures/NAcluster2.png, id=361, 684.30656pt x 684.30656pt>
File: figures/NAcluster2.png Graphic file (type png)
<use figures/NAcluster2.png>
Package pdftex.def Info: figures/NAcluster2.png  used on input line 1046.
(pdftex.def)             Requested size: 160.15854pt x 160.15424pt.
<figures/NAcluster3.png, id=362, 542.025pt x 542.025pt>
File: figures/NAcluster3.png Graphic file (type png)
<use figures/NAcluster3.png>
Package pdftex.def Info: figures/NAcluster3.png  used on input line 1047.
(pdftex.def)             Requested size: 160.15854pt x 160.16064pt.
 [37pdfTeX warning (ext4): destination with the same identifier (name{figure.25
}) has been already used, duplicate ignored

\AtBegShi@Output ...ipout \box \AtBeginShipoutBox 
                                                  \fi \fi 
l.1050 
       pdfTeX warning (ext4): destination with the same identifier (name{figure
.26}) has been already used, duplicate ignored

\AtBegShi@Output ...ipout \box \AtBeginShipoutBox 
                                                  \fi \fi 
l.1050 
        <./figures/NA_entrees_sorties.png> <./figures/NA_trajet_final.png>]
Overfull \hbox (5.74239pt too wide) in paragraph at lines 1058--1058
[]\T1/cmtt/m/n/12 Charge totale de travail   : 1307 h pour 210 tâches avec 15 c
ompétences possibles.[] 
 []

<figures/SADT1.png, id=372, 729.72626pt x 703.62875pt>
File: figures/SADT1.png Graphic file (type png)
<use figures/SADT1.png>
Package pdftex.def Info: figures/SADT1.png  used on input line 1078.
(pdftex.def)             Requested size: 425.41444pt x 410.19858pt.
[38pdfTeX warning (ext4): destination with the same identifier (name{figure.27}
) has been already used, duplicate ignored

\AtBegShi@Output ...ipout \box \AtBeginShipoutBox 
                                                  \fi \fi 
l.1081 
        <./figures/NAcluster1.png> <./figures/NAcluster2.png> <./figures/NAclus
ter3.png>] [39 <./figures/SADT1.png>]
Overfull \hbox (5.74239pt too wide) in paragraph at lines 1128--1128
[]    \T1/cmtt/m/n/12 # (maths) Remplace l'arrangement courant par l'arrangemen
t "minimal" rencontré[] 
 []


Overfull \hbox (166.25319pt too wide) in paragraph at lines 1131--1131
[]     \T1/cmtt/m/n/12 # (maths) Renvoie les potentiels de l'arrangement couran
t ou voisin selon la valeur du paramètre voisin[] 
 []


Overfull \hbox (42.78334pt too wide) in paragraph at lines 1159--1159
[]\T1/cmtt/m/n/12 def CalculBasePlanning(plagehoraire_filename, DATE_DEBUT, DAT
E_FIN, LONGUEUR_MIN = 0.5):[] 
 []


Overfull \hbox (36.60985pt too wide) in paragraph at lines 1170--1170
[]\T1/cmtt/m/n/12 # Découpe des tâches en morceaux n'excédant pas une durée cho
isie (mod_lenght en heure)[] 
 []

[40]
Package atveryend Info: Empty hook `BeforeClearDocument' on input line 1181.
 [41]
Package atveryend Info: Empty hook `AfterLastShipout' on input line 1181.
 ("Rapport de stage.aux")
Package atveryend Info: Executing hook `AtVeryEndDocument' on input line 1181.
Package atveryend Info: Executing hook `AtEndAfterFileList' on input line 1181.



Package rerunfilecheck Warning: File `"Rapport de stage".out' has changed.
(rerunfilecheck)                Rerun to get outlines right
(rerunfilecheck)                or use package `bookmark'.

Package rerunfilecheck Info: Checksums for `"Rapport de stage".out':
(rerunfilecheck)             Before: <no file>
(rerunfilecheck)             After:  60A3F6036F2EB0F8A8BE7F1C8E7C81EF;3528.

LaTeX Warning: Label(s) may have changed. Rerun to get cross-references right.

Package atveryend Info: Empty hook `AtVeryVeryEnd' on input line 1181.
 ) 
Here is how much of TeX's memory you used:
 11189 strings out of 480790
 164153 string characters out of 2905176
 452083 words of memory out of 3000000
 26841 multiletter control sequences out of 15000+200000
 548726 words of font info for 59 fonts, out of 3000000 for 9000
 1141 hyphenation exceptions out of 8191
 37i,9n,37p,706b,455s stack positions out of 5000i,500n,10000p,200000b,50000s
 <C:\Users\antoi\AppData\Local\MiKTeX\2.9\fonts/pk/ljfour/jknappen/ec/dpi600\
tcrm1200.pk> <C:\Users\antoi\AppData\Local\MiKTeX\2.9\fonts/pk/ljfour/jknappen/
ec/dpi600\ecrm0800.pk> <C:\Users\antoi\AppData\Local\MiKTeX\2.9\fonts/pk/ljfour
/jknappen/ec/dpi600\eccc1200.pk> <C:\Users\antoi\AppData\Local\MiKTeX\2.9\fonts
/pk/ljfour/jknappen/ec/dpi600\ectt1200.pk> <C:\Users\antoi\AppData\Local\MiKTeX
\2.9\fonts/pk/ljfour/jknappen/ec/dpi600\ecbx1200.pk> <C:\Users\antoi\AppData\Lo
cal\MiKTeX\2.9\fonts/pk/ljfour/jknappen/ec/dpi600\ecbx1440.pk> <C:\Users\antoi\
AppData\Local\MiKTeX\2.9\fonts/pk/ljfour/jknappen/ec/dpi600\ecbx1728.pk> <C:\Us
ers\antoi\AppData\Local\MiKTeX\2.9\fonts/pk/ljfour/jknappen/ec/dpi600\ecrm1200.
pk> <C:\Users\antoi\AppData\Local\MiKTeX\2.9\fonts/pk/ljfour/jknappen/ec/dpi600
\ecrm1440.pk> <C:\Users\antoi\AppData\Local\MiKTeX\2.9\fonts/pk/ljfour/jknappen
/ec/dpi600\ecti1440.pk> <C:\Users\antoi\AppData\Local\MiKTeX\2.9\fonts/pk/ljfou
r/jknappen/ec/dpi600\ecbx2488.pk> <C:\Users\antoi\AppData\Local\MiKTeX\2.9\font
s/pk/ljfour/jknappen/ec/dpi600\eccc1440.pk> <C:\Users\antoi\AppData\Local\MiKTe
X\2.9\fonts/pk/ljfour/jknappen/ec/dpi600\eccc1728.pk> <C:\Users\antoi\AppData\L
ocal\MiKTeX\2.9\fonts/pk/ljfour/jknappen/ec/dpi600\eccc2074.pk><C:/Program File
s/MiKTeX 2.9/fonts/type1/public/amsfonts/cm/cmex10.pfb><C:/Program Files/MiKTeX
 2.9/fonts/type1/public/amsfonts/cm/cmmi12.pfb><C:/Program Files/MiKTeX 2.9/fon
ts/type1/public/amsfonts/cm/cmmi8.pfb><C:/Program Files/MiKTeX 2.9/fonts/type1/
public/amsfonts/cm/cmr12.pfb><C:/Program Files/MiKTeX 2.9/fonts/type1/public/am
sfonts/cm/cmr8.pfb><C:/Program Files/MiKTeX 2.9/fonts/type1/public/amsfonts/cm/
cmsy10.pfb><C:/Program Files/MiKTeX 2.9/fonts/type1/public/amsfonts/cm/cmsy8.pf
b><C:/Program Files/MiKTeX 2.9/fonts/type1/public/amsfonts/symbols/msbm10.pfb>
Output written on "Rapport de stage.pdf" (42 pages, 8554934 bytes).
PDF statistics:
 971 PDF objects out of 1000 (max. 8388607)
 147 named destinations out of 1000 (max. 500000)
 216 words of extra memory for PDF output out of 10000 (max. 10000000)

