\BOOKMARK [1][-]{section.1}{Introduction}{}% 1
\BOOKMARK [2][-]{subsection.1.1}{Courte pr\351sentation de l'entreprise}{section.1}% 2
\BOOKMARK [2][-]{subsection.1.2}{Vis\351e du stage}{section.1}% 3
\BOOKMARK [1][-]{section.2}{Premi\350re mission : aide \340 la classification de mails}{}% 4
\BOOKMARK [2][-]{subsection.2.1}{Pr\351sentation de la mission}{section.2}% 5
\BOOKMARK [2][-]{subsection.2.2}{Collecte des donn\351es}{section.2}% 6
\BOOKMARK [2][-]{subsection.2.3}{Formatage des donn\351es}{section.2}% 7
\BOOKMARK [2][-]{subsection.2.4}{Choix du mod\350le}{section.2}% 8
\BOOKMARK [1][-]{section.3}{Deuxi\350me mission : optimisation de la r\351partition des t\342ches}{}% 9
\BOOKMARK [2][-]{subsection.3.1}{Politique d'assignation}{section.3}% 10
\BOOKMARK [2][-]{subsection.3.2}{D\351termination des b\351n\351fices lors des assignations}{section.3}% 11
\BOOKMARK [2][-]{subsection.3.3}{Formulation du probl\350me}{section.3}% 12
\BOOKMARK [2][-]{subsection.3.4}{R\351solution dans python}{section.3}% 13
\BOOKMARK [3][-]{subsubsection.3.4.1}{Exemple - Premi\350re approche}{subsection.3.4}% 14
\BOOKMARK [3][-]{subsubsection.3.4.2}{Exemple - Seconde approche}{subsection.3.4}% 15
\BOOKMARK [1][-]{section.4}{Troisi\350me mission : suggestion d'emplois du temps}{}% 16
\BOOKMARK [2][-]{subsection.4.1}{Pr\351sentation de la mission}{section.4}% 17
\BOOKMARK [2][-]{subsection.4.2}{Donn\351es du probl\350mes et contraintes}{section.4}% 18
\BOOKMARK [2][-]{subsection.4.3}{Imp\351ratifs et t\342ches m\350re-fille}{section.4}% 19
\BOOKMARK [3][-]{subsubsection.4.3.1}{Prise en compte des imp\351ratifs}{subsection.4.3}% 20
\BOOKMARK [3][-]{subsubsection.4.3.2}{Gestion des t\342ches m\350re-fille \(TMF\)}{subsection.4.3}% 21
\BOOKMARK [2][-]{subsection.4.4}{Optimisation d'un emploi du temps avec l'algorithme de recuit simul\351}{section.4}% 22
\BOOKMARK [3][-]{subsubsection.4.4.1}{L'algorithme de recuit simul\351}{subsection.4.4}% 23
\BOOKMARK [3][-]{subsubsection.4.4.2}{Calcul des \351nergies}{subsection.4.4}% 24
\BOOKMARK [2][-]{subsection.4.5}{Simulation - Planification de t\342ches m\350re-fille}{section.4}% 25
\BOOKMARK [2][-]{subsection.4.6}{Simulations - Optimisation d'un emploi du temps}{section.4}% 26
\BOOKMARK [2][-]{subsection.4.7}{Conclusion}{section.4}% 27
\BOOKMARK [1][-]{section.5}{Quatri\350me mission : compl\351tion intelligente d'une tourn\351e commerciale}{}% 28
\BOOKMARK [2][-]{subsection.5.1}{Donn\351es et contraintes du probl\350me}{section.5}% 29
\BOOKMARK [2][-]{subsection.5.2}{M\351thode de r\351solution}{section.5}% 30
\BOOKMARK [3][-]{subsubsection.5.2.1}{Raffinage g\351ographique de la s\351lection}{subsection.5.2}% 31
\BOOKMARK [3][-]{subsubsection.5.2.2}{R\351sultats}{subsection.5.2}% 32
\BOOKMARK [1][-]{section.6}{Cinqui\350me mission : programmation d'une tourn\351e optimale}{}% 33
\BOOKMARK [2][-]{subsection.6.1}{Trajet optimal - Recuit simul\351}{section.6}% 34
\BOOKMARK [3][-]{subsubsection.6.1.1}{Limites}{subsection.6.1}% 35
\BOOKMARK [2][-]{subsection.6.2}{Clustering d'adresses}{section.6}% 36
\BOOKMARK [1][-]{section.7}{Annexe}{}% 37
\BOOKMARK [2][-]{subsection.7.1}{Compl\351tion intelligente}{section.7}% 38
\BOOKMARK [2][-]{subsection.7.2}{Tourn\351e optimale - D'autres exemples}{section.7}% 39
\BOOKMARK [3][-]{subsubsection.7.2.1}{Autres exemples - Clustering d'adresses}{subsection.7.2}% 40
\BOOKMARK [2][-]{subsection.7.3}{Optimisation r\351partition t\342ches}{section.7}% 41
\BOOKMARK [2][-]{subsection.7.4}{Emploi du temps}{section.7}% 42
